-------------------------------------------------------------------------------
Test set: es.javaLearning.AppTest
-------------------------------------------------------------------------------
Tests run: 1, Failures: 1, Errors: 0, Skipped: 0, Time elapsed: 0.139 s <<< FAILURE! - in es.javaLearning.AppTest
multiplicationTest  Time elapsed: 0.122 s  <<< FAILURE!
org.opentest4j.AssertionFailedError: 

expected: 500
 but was: 50
	at es.javaLearning.AppTest.multiplicationTest(AppTest.java:10)

